<?xml version="1.0" encoding="UTF-8"?>
<testsuite xmlns:xsi="http://www.w3.org/2001/XMLSchema-instance" xsi:noNamespaceSchemaLocation="https://maven.apache.org/surefire/maven-surefire-plugin/xsd/surefire-test-report.xsd" name="CreateOrderTest" time="304.308" tests="4" errors="0" skipped="0" failures="0">
  <properties>
[...]
</properties>
  <testcase name="userCreateOrderWithoutIngredients" classname="CreateOrderTest" time="110.094"/>
  <testcase name="userCreateOrderWithInvalidHash" classname="CreateOrderTest" time="106.696"/>
  <testcase name="userCreateOrder" classname="CreateOrderTest" time="85.922"/>
  <testcase name="unauthUserCreateOrder" classname="CreateOrderTest" time="1.335"/>
</testsuite>